# JRE version: OpenJDK Runtime Environment (11.0.10) (build 11.0.10+0-b96-7249189)
# Java VM: OpenJDK 64-Bit Server VM (11.0.10+0-b96-7249189, mixed mode, tiered, compressed oops, g1 gc, windows-amd64)
Heap:
 garbage-first heap   total 189440K, used 91373K [0x0000000080000000, 0x0000000100000000)
  region size 1024K, 3 young (3072K), 1 survivors (1024K)
 Metaspace       used 108711K, capacity 111452K, committed 111652K, reserved 1146880K
  class space    used 13705K, capacity 14737K, committed 14848K, reserved 1048576K
GC Heap History (20 events):
Event: 34.773 GC heap before
{Heap before GC invocations=25 (full 0):
 garbage-first heap   total 189440K, used 142936K [0x0000000080000000, 0x0000000100000000)
  region size 1024K, 58 young (59392K), 8 survivors (8192K)
 Metaspace       used 83145K, capacity 85341K, committed 85540K, reserved 1124352K
  class space    used 10718K, capacity 11489K, committed 11520K, reserved 1048576K
}
Event: 34.786 GC heap after
{Heap after GC invocations=26 (full 0):
 garbage-first heap   total 189440K, used 95327K [0x0000000080000000, 0x0000000100000000)
  region size 1024K, 4 young (4096K), 4 survivors (4096K)
 Metaspace       used 83145K, capacity 85341K, committed 85540K, reserved 1124352K
  class space    used 10718K, capacity 11489K, committed 11520K, reserved 1048576K
}
Event: 35.627 GC heap before
{Heap before GC invocations=26 (full 0):
 garbage-first heap   total 189440K, used 132191K [0x0000000080000000, 0x0000000100000000)
  region size 1024K, 42 young (43008K), 4 survivors (4096K)
 Metaspace       used 89679K, capacity 91844K, committed 92068K, reserved 1128448K
  class space    used 11534K, capacity 12315K, committed 12416K, reserved 1048576K
}
Event: 35.646 GC heap after
{Heap after GC invocations=27 (full 0):
 garbage-first heap   total 189440K, used 98508K [0x0000000080000000, 0x0000000100000000)
  region size 1024K, 7 young (7168K), 7 survivors (7168K)
 Metaspace       used 89679K, capacity 91844K, committed 92068K, reserved 1128448K
  class space    used 11534K, capacity 12315K, committed 12416K, reserved 1048576K
}
Event: 38.341 GC heap before
{Heap before GC invocations=28 (full 0):
 garbage-first heap   total 189440K, used 140095K [0x0000000080000000, 0x0000000100000000)
  region size 1024K, 55 young (56320K), 7 survivors (7168K)
 Metaspace       used 91948K, capacity 94155K, committed 94372K, reserved 1130496K
  class space    used 11741K, capacity 12545K, committed 12672K, reserved 1048576K
}
Event: 38.362 GC heap after
{Heap after GC invocations=29 (full 0):
 garbage-first heap   total 189440K, used 101447K [0x0000000080000000, 0x0000000100000000)
  region size 1024K, 7 young (7168K), 7 survivors (7168K)
 Metaspace       used 91948K, capacity 94155K, committed 94372K, reserved 1130496K
  class space    used 11741K, capacity 12545K, committed 12672K, reserved 1048576K
}
Event: 38.593 GC heap before
{Heap before GC invocations=29 (full 0):
 garbage-first heap   total 189440K, used 103495K [0x0000000080000000, 0x0000000100000000)
  region size 1024K, 9 young (9216K), 7 survivors (7168K)
 Metaspace       used 92059K, capacity 94284K, committed 94628K, reserved 1132544K
  class space    used 11742K, capacity 12545K, committed 12672K, reserved 1048576K
}
Event: 38.603 GC heap after
{Heap after GC invocations=30 (full 0):
 garbage-first heap   total 189440K, used 98285K [0x0000000080000000, 0x0000000100000000)
  region size 1024K, 1 young (1024K), 1 survivors (1024K)
 Metaspace       used 92059K, capacity 94284K, committed 94628K, reserved 1132544K
  class space    used 11742K, capacity 12545K, committed 12672K, reserved 1048576K
}
Event: 40.180 GC heap before
{Heap before GC invocations=30 (full 0):
 garbage-first heap   total 189440K, used 145389K [0x0000000080000000, 0x0000000100000000)
  region size 1024K, 48 young (49152K), 1 survivors (1024K)
 Metaspace       used 96636K, capacity 99014K, committed 99108K, reserved 1134592K
  class space    used 12382K, capacity 13261K, committed 13312K, reserved 1048576K
}
Event: 40.189 GC heap after
{Heap after GC invocations=31 (full 0):
 garbage-first heap   total 189440K, used 100483K [0x0000000080000000, 0x0000000100000000)
  region size 1024K, 4 young (4096K), 4 survivors (4096K)
 Metaspace       used 96636K, capacity 99014K, committed 99108K, reserved 1134592K
  class space    used 12382K, capacity 13261K, committed 13312K, reserved 1048576K
}
Event: 41.947 GC heap before
{Heap before GC invocations=32 (full 0):
 garbage-first heap   total 189440K, used 148611K [0x0000000080000000, 0x0000000100000000)
  region size 1024K, 51 young (52224K), 4 survivors (4096K)
 Metaspace       used 102294K, capacity 104901K, committed 105124K, reserved 1140736K
  class space    used 13140K, capacity 14123K, committed 14208K, reserved 1048576K
}
Event: 41.959 GC heap after
{Heap after GC invocations=33 (full 0):
 garbage-first heap   total 189440K, used 101263K [0x0000000080000000, 0x0000000100000000)
  region size 1024K, 4 young (4096K), 4 survivors (4096K)
 Metaspace       used 102294K, capacity 104901K, committed 105124K, reserved 1140736K
  class space    used 13140K, capacity 14123K, committed 14208K, reserved 1048576K
}
Event: 42.076 GC heap before
{Heap before GC invocations=33 (full 0):
 garbage-first heap   total 189440K, used 106383K [0x0000000080000000, 0x0000000100000000)
  region size 1024K, 9 young (9216K), 4 survivors (4096K)
 Metaspace       used 102357K, capacity 104966K, committed 105124K, reserved 1140736K
  class space    used 13141K, capacity 14123K, committed 14208K, reserved 1048576K
}
Event: 42.083 GC heap after
{Heap after GC invocations=34 (full 0):
 garbage-first heap   total 189440K, used 96536K [0x0000000080000000, 0x0000000100000000)
  region size 1024K, 2 young (2048K), 2 survivors (2048K)
 Metaspace       used 102357K, capacity 104966K, committed 105124K, reserved 1140736K
  class space    used 13141K, capacity 14123K, committed 14208K, reserved 1048576K
}
Event: 43.006 GC heap before
{Heap before GC invocations=34 (full 0):
 garbage-first heap   total 189440K, used 148760K [0x0000000080000000, 0x0000000100000000)
  region size 1024K, 54 young (55296K), 2 survivors (2048K)
 Metaspace       used 103111K, capacity 105760K, committed 105892K, reserved 1140736K
  class space    used 13218K, capacity 14206K, committed 14208K, reserved 1048576K
}
Event: 43.020 GC heap after
{Heap after GC invocations=35 (full 0):
 garbage-first heap   total 189440K, used 101642K [0x0000000080000000, 0x0000000100000000)
  region size 1024K, 7 young (7168K), 7 survivors (7168K)
 Metaspace       used 103111K, capacity 105760K, committed 105892K, reserved 1140736K
  class space    used 13218K, capacity 14206K, committed 14208K, reserved 1048576K
}
Event: 182.394 GC heap before
{Heap before GC invocations=36 (full 0):
 garbage-first heap   total 189440K, used 173322K [0x0000000080000000, 0x0000000100000000)
  region size 1024K, 56 young (57344K), 7 survivors (7168K)
 Metaspace       used 108571K, capacity 111375K, committed 111652K, reserved 1146880K
  class space    used 13705K, capacity 14737K, committed 14848K, reserved 1048576K
}
Event: 182.399 GC heap after
{Heap after GC invocations=37 (full 0):
 garbage-first heap   total 189440K, used 97787K [0x0000000080000000, 0x0000000100000000)
  region size 1024K, 2 young (2048K), 2 survivors (2048K)
 Metaspace       used 108571K, capacity 111375K, committed 111652K, reserved 1146880K
  class space    used 13705K, capacity 14737K, committed 14848K, reserved 1048576K
}
Event: 182.767 GC heap before
{Heap before GC invocations=37 (full 0):
 garbage-first heap   total 189440K, used 103931K [0x0000000080000000, 0x0000000100000000)
  region size 1024K, 9 young (9216K), 2 survivors (2048K)
 Metaspace       used 108702K, capacity 111452K, committed 111652K, reserved 1146880K
  class space    used 13705K, capacity 14737K, committed 14848K, reserved 1048576K
}
Event: 182.772 GC heap after
{Heap after GC invocations=38 (full 0):
 garbage-first heap   total 189440K, used 90349K [0x0000000080000000, 0x0000000100000000)
  region size 1024K, 1 young (1024K), 1 survivors (1024K)
 Metaspace       used 108702K, capacity 111452K, committed 111652K, reserved 1146880K
  class space    used 13705K, capacity 14737K, committed 14848K, reserved 1048576K
}

