# JRE version: OpenJDK Runtime Environment (11.0.10) (build 11.0.10+0-b96-7249189)
# Java VM: OpenJDK 64-Bit Server VM (11.0.10+0-b96-7249189, mixed mode, tiered, compressed oops, g1 gc, windows-amd64)
Heap:
 garbage-first heap   total 189440K, used 151731K [0x0000000080000000, 0x0000000100000000)
  region size 1024K, 80 young (81920K), 9 survivors (9216K)
 Metaspace       used 91487K, capacity 93613K, committed 93776K, reserved 1130496K
  class space    used 11538K, capacity 12279K, committed 12288K, reserved 1048576K
GC Heap History (20 events):
Event: 11.930 GC heap before
{Heap before GC invocations=11 (full 0):
 garbage-first heap   total 157696K, used 107268K [0x0000000080000000, 0x0000000100000000)
  region size 1024K, 81 young (82944K), 10 survivors (10240K)
 Metaspace       used 54068K, capacity 55330K, committed 55504K, reserved 1097728K
  class space    used 6843K, capacity 7266K, committed 7296K, reserved 1048576K
}
Event: 11.948 GC heap after
{Heap after GC invocations=12 (full 0):
 garbage-first heap   total 157696K, used 41510K [0x0000000080000000, 0x0000000100000000)
  region size 1024K, 6 young (6144K), 6 survivors (6144K)
 Metaspace       used 54068K, capacity 55330K, committed 55504K, reserved 1097728K
  class space    used 6843K, capacity 7266K, committed 7296K, reserved 1048576K
}
Event: 12.868 GC heap before
{Heap before GC invocations=12 (full 0):
 garbage-first heap   total 157696K, used 73254K [0x0000000080000000, 0x0000000100000000)
  region size 1024K, 37 young (37888K), 6 survivors (6144K)
 Metaspace       used 58837K, capacity 60130K, committed 60240K, reserved 1101824K
  class space    used 7392K, capacity 7857K, committed 7936K, reserved 1048576K
}
Event: 12.878 GC heap after
{Heap after GC invocations=13 (full 0):
 garbage-first heap   total 157696K, used 42972K [0x0000000080000000, 0x0000000100000000)
  region size 1024K, 7 young (7168K), 7 survivors (7168K)
 Metaspace       used 58837K, capacity 60130K, committed 60240K, reserved 1101824K
  class space    used 7392K, capacity 7857K, committed 7936K, reserved 1048576K
}
Event: 14.423 GC heap before
{Heap before GC invocations=14 (full 0):
 garbage-first heap   total 157696K, used 112604K [0x0000000080000000, 0x0000000100000000)
  region size 1024K, 75 young (76800K), 7 survivors (7168K)
 Metaspace       used 64289K, capacity 65829K, committed 66000K, reserved 1105920K
  class space    used 8257K, capacity 8799K, committed 8832K, reserved 1048576K
}
Event: 14.444 GC heap after
{Heap after GC invocations=15 (full 0):
 garbage-first heap   total 157696K, used 48923K [0x0000000080000000, 0x0000000100000000)
  region size 1024K, 8 young (8192K), 8 survivors (8192K)
 Metaspace       used 64289K, capacity 65829K, committed 66000K, reserved 1105920K
  class space    used 8257K, capacity 8799K, committed 8832K, reserved 1048576K
}
Event: 15.912 GC heap before
{Heap before GC invocations=15 (full 0):
 garbage-first heap   total 157696K, used 117531K [0x0000000080000000, 0x0000000100000000)
  region size 1024K, 75 young (76800K), 8 survivors (8192K)
 Metaspace       used 70000K, capacity 71600K, committed 71760K, reserved 1112064K
  class space    used 9129K, capacity 9699K, committed 9728K, reserved 1048576K
}
Event: 15.940 GC heap after
{Heap after GC invocations=16 (full 0):
 garbage-first heap   total 189440K, used 53829K [0x0000000080000000, 0x0000000100000000)
  region size 1024K, 5 young (5120K), 5 survivors (5120K)
 Metaspace       used 70000K, capacity 71600K, committed 71760K, reserved 1112064K
  class space    used 9129K, capacity 9699K, committed 9728K, reserved 1048576K
}
Event: 18.410 GC heap before
{Heap before GC invocations=16 (full 0):
 garbage-first heap   total 189440K, used 131653K [0x0000000080000000, 0x0000000100000000)
  region size 1024K, 82 young (83968K), 5 survivors (5120K)
 Metaspace       used 73563K, capacity 75356K, committed 75600K, reserved 1114112K
  class space    used 9575K, capacity 10199K, committed 10240K, reserved 1048576K
}
Event: 18.427 GC heap after
{Heap after GC invocations=17 (full 0):
 garbage-first heap   total 189440K, used 59968K [0x0000000080000000, 0x0000000100000000)
  region size 1024K, 11 young (11264K), 11 survivors (11264K)
 Metaspace       used 73563K, capacity 75356K, committed 75600K, reserved 1114112K
  class space    used 9575K, capacity 10199K, committed 10240K, reserved 1048576K
}
Event: 20.340 GC heap before
{Heap before GC invocations=17 (full 0):
 garbage-first heap   total 189440K, used 156224K [0x0000000080000000, 0x0000000100000000)
  region size 1024K, 89 young (91136K), 11 survivors (11264K)
 Metaspace       used 75871K, capacity 77868K, committed 78032K, reserved 1116160K
  class space    used 9829K, capacity 10509K, committed 10624K, reserved 1048576K
}
Event: 20.354 GC heap after
{Heap after GC invocations=18 (full 0):
 garbage-first heap   total 189440K, used 63105K [0x0000000080000000, 0x0000000100000000)
  region size 1024K, 4 young (4096K), 4 survivors (4096K)
 Metaspace       used 75871K, capacity 77868K, committed 78032K, reserved 1116160K
  class space    used 9829K, capacity 10509K, committed 10624K, reserved 1048576K
}
Event: 22.311 GC heap before
{Heap before GC invocations=18 (full 0):
 garbage-first heap   total 189440K, used 142977K [0x0000000080000000, 0x0000000100000000)
  region size 1024K, 83 young (84992K), 4 survivors (4096K)
 Metaspace       used 76486K, capacity 78419K, committed 78544K, reserved 1118208K
  class space    used 9880K, capacity 10566K, committed 10624K, reserved 1048576K
}
Event: 22.319 GC heap after
{Heap after GC invocations=19 (full 0):
 garbage-first heap   total 189440K, used 66508K [0x0000000080000000, 0x0000000100000000)
  region size 1024K, 8 young (8192K), 8 survivors (8192K)
 Metaspace       used 76486K, capacity 78419K, committed 78544K, reserved 1118208K
  class space    used 9880K, capacity 10566K, committed 10624K, reserved 1048576K
}
Event: 24.115 GC heap before
{Heap before GC invocations=19 (full 0):
 garbage-first heap   total 189440K, used 147404K [0x0000000080000000, 0x0000000100000000)
  region size 1024K, 87 young (89088K), 8 survivors (8192K)
 Metaspace       used 78662K, capacity 80646K, committed 80848K, reserved 1120256K
  class space    used 10159K, capacity 10821K, committed 10880K, reserved 1048576K
}
Event: 24.126 GC heap after
{Heap after GC invocations=20 (full 0):
 garbage-first heap   total 189440K, used 70250K [0x0000000080000000, 0x0000000100000000)
  region size 1024K, 9 young (9216K), 9 survivors (9216K)
 Metaspace       used 78662K, capacity 80646K, committed 80848K, reserved 1120256K
  class space    used 10159K, capacity 10821K, committed 10880K, reserved 1048576K
}
Event: 29.231 GC heap before
{Heap before GC invocations=20 (full 0):
 garbage-first heap   total 189440K, used 149098K [0x0000000080000000, 0x0000000100000000)
  region size 1024K, 87 young (89088K), 9 survivors (9216K)
 Metaspace       used 81130K, capacity 83173K, committed 83408K, reserved 1122304K
  class space    used 10399K, capacity 11071K, committed 11136K, reserved 1048576K
}
Event: 29.241 GC heap after
{Heap after GC invocations=21 (full 0):
 garbage-first heap   total 189440K, used 72619K [0x0000000080000000, 0x0000000100000000)
  region size 1024K, 7 young (7168K), 7 survivors (7168K)
 Metaspace       used 81130K, capacity 83173K, committed 83408K, reserved 1122304K
  class space    used 10399K, capacity 11071K, committed 11136K, reserved 1048576K
}
Event: 31.338 GC heap before
{Heap before GC invocations=21 (full 0):
 garbage-first heap   total 189440K, used 151467K [0x0000000080000000, 0x0000000100000000)
  region size 1024K, 85 young (87040K), 7 survivors (7168K)
 Metaspace       used 87113K, capacity 89238K, committed 89296K, reserved 1126400K
  class space    used 11153K, capacity 11899K, committed 11904K, reserved 1048576K
}
Event: 31.361 GC heap after
{Heap after GC invocations=22 (full 0):
 garbage-first heap   total 189440K, used 79027K [0x0000000080000000, 0x0000000100000000)
  region size 1024K, 9 young (9216K), 9 survivors (9216K)
 Metaspace       used 87113K, capacity 89238K, committed 89296K, reserved 1126400K
  class space    used 11153K, capacity 11899K, committed 11904K, reserved 1048576K
}

