# JRE version: OpenJDK Runtime Environment (11.0.10) (build 11.0.10+0-b96-7249189)
# Java VM: OpenJDK 64-Bit Server VM (11.0.10+0-b96-7249189, mixed mode, tiered, compressed oops, g1 gc, windows-amd64)
Heap:
 garbage-first heap   total 189440K, used 147666K [0x0000000080000000, 0x0000000100000000)
  region size 1024K, 46 young (47104K), 4 survivors (4096K)
 Metaspace       used 104511K, capacity 107155K, committed 107428K, reserved 1142784K
  class space    used 13359K, capacity 14345K, committed 14464K, reserved 1048576K
GC Heap History (20 events):
Event: 11.704 GC heap before
{Heap before GC invocations=14 (full 0):
 garbage-first heap   total 157696K, used 119677K [0x0000000080000000, 0x0000000100000000)
  region size 1024K, 77 young (78848K), 4 survivors (4096K)
 Metaspace       used 65838K, capacity 67397K, committed 67492K, reserved 1107968K
  class space    used 8464K, capacity 9056K, committed 9088K, reserved 1048576K
}
Event: 11.714 GC heap after
{Heap after GC invocations=15 (full 0):
 garbage-first heap   total 157696K, used 49783K [0x0000000080000000, 0x0000000100000000)
  region size 1024K, 9 young (9216K), 9 survivors (9216K)
 Metaspace       used 65838K, capacity 67397K, committed 67492K, reserved 1107968K
  class space    used 8464K, capacity 9056K, committed 9088K, reserved 1048576K
}
Event: 13.497 GC heap before
{Heap before GC invocations=15 (full 0):
 garbage-first heap   total 157696K, used 122487K [0x0000000080000000, 0x0000000100000000)
  region size 1024K, 80 young (81920K), 9 survivors (9216K)
 Metaspace       used 71432K, capacity 73158K, committed 73252K, reserved 1112064K
  class space    used 9317K, capacity 9975K, committed 9984K, reserved 1048576K
}
Event: 13.517 GC heap after
{Heap after GC invocations=16 (full 0):
 garbage-first heap   total 157696K, used 54545K [0x0000000080000000, 0x0000000100000000)
  region size 1024K, 5 young (5120K), 5 survivors (5120K)
 Metaspace       used 71432K, capacity 73158K, committed 73252K, reserved 1112064K
  class space    used 9317K, capacity 9975K, committed 9984K, reserved 1048576K
}
Event: 15.873 GC heap before
{Heap before GC invocations=16 (full 0):
 garbage-first heap   total 157696K, used 124177K [0x0000000080000000, 0x0000000100000000)
  region size 1024K, 74 young (75776K), 5 survivors (5120K)
 Metaspace       used 75015K, capacity 76950K, committed 77092K, reserved 1116160K
  class space    used 9784K, capacity 10488K, committed 10496K, reserved 1048576K
}
Event: 15.891 GC heap after
{Heap after GC invocations=17 (full 0):
 garbage-first heap   total 189440K, used 60416K [0x0000000080000000, 0x0000000100000000)
  region size 1024K, 10 young (10240K), 10 survivors (10240K)
 Metaspace       used 75015K, capacity 76950K, committed 77092K, reserved 1116160K
  class space    used 9784K, capacity 10488K, committed 10496K, reserved 1048576K
}
Event: 18.743 GC heap before
{Heap before GC invocations=17 (full 0):
 garbage-first heap   total 189440K, used 141312K [0x0000000080000000, 0x0000000100000000)
  region size 1024K, 90 young (92160K), 10 survivors (10240K)
 Metaspace       used 76033K, capacity 78083K, committed 78244K, reserved 1118208K
  class space    used 9826K, capacity 10548K, committed 10624K, reserved 1048576K
}
Event: 18.762 GC heap after
{Heap after GC invocations=18 (full 0):
 garbage-first heap   total 189440K, used 66520K [0x0000000080000000, 0x0000000100000000)
  region size 1024K, 12 young (12288K), 12 survivors (12288K)
 Metaspace       used 76033K, capacity 78083K, committed 78244K, reserved 1118208K
  class space    used 9826K, capacity 10548K, committed 10624K, reserved 1048576K
}
Event: 24.471 GC heap before
{Heap before GC invocations=18 (full 0):
 garbage-first heap   total 189440K, used 148440K [0x0000000080000000, 0x0000000100000000)
  region size 1024K, 91 young (93184K), 12 survivors (12288K)
 Metaspace       used 83994K, capacity 86146K, committed 86436K, reserved 1124352K
  class space    used 10842K, capacity 11594K, committed 11648K, reserved 1048576K
}
Event: 24.498 GC heap after
{Heap after GC invocations=19 (full 0):
 garbage-first heap   total 189440K, used 79794K [0x0000000080000000, 0x0000000100000000)
  region size 1024K, 12 young (12288K), 12 survivors (12288K)
 Metaspace       used 83994K, capacity 86146K, committed 86436K, reserved 1124352K
  class space    used 10842K, capacity 11594K, committed 11648K, reserved 1048576K
}
Event: 27.359 GC heap before
{Heap before GC invocations=19 (full 0):
 garbage-first heap   total 189440K, used 147378K [0x0000000080000000, 0x0000000100000000)
  region size 1024K, 79 young (80896K), 12 survivors (12288K)
 Metaspace       used 86178K, capacity 88381K, committed 88484K, reserved 1126400K
  class space    used 11042K, capacity 11834K, committed 11904K, reserved 1048576K
}
Event: 27.385 GC heap after
{Heap after GC invocations=20 (full 0):
 garbage-first heap   total 189440K, used 84384K [0x0000000080000000, 0x0000000100000000)
  region size 1024K, 7 young (7168K), 7 survivors (7168K)
 Metaspace       used 86178K, capacity 88381K, committed 88484K, reserved 1126400K
  class space    used 11042K, capacity 11834K, committed 11904K, reserved 1048576K
}
Event: 28.810 GC heap before
{Heap before GC invocations=20 (full 0):
 garbage-first heap   total 189440K, used 148896K [0x0000000080000000, 0x0000000100000000)
  region size 1024K, 71 young (72704K), 7 survivors (7168K)
 Metaspace       used 93456K, capacity 95840K, committed 96036K, reserved 1132544K
  class space    used 12127K, capacity 13004K, committed 13056K, reserved 1048576K
}
Event: 28.831 GC heap after
{Heap after GC invocations=21 (full 0):
 garbage-first heap   total 189440K, used 86865K [0x0000000080000000, 0x0000000100000000)
  region size 1024K, 3 young (3072K), 3 survivors (3072K)
 Metaspace       used 93456K, capacity 95840K, committed 96036K, reserved 1132544K
  class space    used 12127K, capacity 13004K, committed 13056K, reserved 1048576K
}
Event: 32.234 GC heap before
{Heap before GC invocations=21 (full 0):
 garbage-first heap   total 189440K, used 152401K [0x0000000080000000, 0x0000000100000000)
  region size 1024K, 67 young (68608K), 3 survivors (3072K)
 Metaspace       used 97210K, capacity 99754K, committed 100004K, reserved 1136640K
  class space    used 12619K, capacity 13574K, committed 13696K, reserved 1048576K
}
Event: 32.243 GC heap after
{Heap after GC invocations=22 (full 0):
 garbage-first heap   total 189440K, used 87889K [0x0000000080000000, 0x0000000100000000)
  region size 1024K, 4 young (4096K), 4 survivors (4096K)
 Metaspace       used 97210K, capacity 99754K, committed 100004K, reserved 1136640K
  class space    used 12619K, capacity 13574K, committed 13696K, reserved 1048576K
}
Event: 32.351 GC heap before
{Heap before GC invocations=22 (full 0):
 garbage-first heap   total 189440K, used 94033K [0x0000000080000000, 0x0000000100000000)
  region size 1024K, 11 young (11264K), 4 survivors (4096K)
 Metaspace       used 97667K, capacity 100202K, committed 100260K, reserved 1136640K
  class space    used 12684K, capacity 13638K, committed 13696K, reserved 1048576K
}
Event: 32.358 GC heap after
{Heap after GC invocations=23 (full 0):
 garbage-first heap   total 189440K, used 88080K [0x0000000080000000, 0x0000000100000000)
  region size 1024K, 5 young (5120K), 5 survivors (5120K)
 Metaspace       used 97667K, capacity 100202K, committed 100260K, reserved 1136640K
  class space    used 12684K, capacity 13638K, committed 13696K, reserved 1048576K
}
Event: 33.300 GC heap before
{Heap before GC invocations=24 (full 0):
 garbage-first heap   total 189440K, used 126992K [0x0000000080000000, 0x0000000100000000)
  region size 1024K, 44 young (45056K), 5 survivors (5120K)
 Metaspace       used 100676K, capacity 103283K, committed 103460K, reserved 1138688K
  class space    used 13094K, capacity 14077K, committed 14080K, reserved 1048576K
}
Event: 33.317 GC heap after
{Heap after GC invocations=25 (full 0):
 garbage-first heap   total 189440K, used 89298K [0x0000000080000000, 0x0000000100000000)
  region size 1024K, 4 young (4096K), 4 survivors (4096K)
 Metaspace       used 100676K, capacity 103283K, committed 103460K, reserved 1138688K
  class space    used 13094K, capacity 14077K, committed 14080K, reserved 1048576K
}

